[2024-01-27 13:48:20,838: INFO: main: >>>>>> stage Data Ingestion stage started <<<<<<]
[2024-01-27 13:48:20,838: INFO: common: yaml file: config\config.yaml loaded successfully]
[2024-01-27 13:48:20,838: INFO: common: yaml file: params.yaml loaded successfully]
[2024-01-27 13:48:20,846: INFO: common: yaml file: schema.yaml loaded successfully]
[2024-01-27 13:48:20,846: INFO: common: created directory at: artifacts]
[2024-01-27 13:48:20,846: INFO: common: created directory at: artifacts/data_ingestion]
[2024-01-27 13:48:22,617: INFO: data_ingestion: artifacts/data_ingestion/data.zip download! with following info: 
Connection: close
Content-Length: 23329
Cache-Control: max-age=300
Content-Security-Policy: default-src 'none'; style-src 'unsafe-inline'; sandbox
Content-Type: application/zip
ETag: "c69888a4ae59bc5a893392785a938ccd4937981c06ba8a9d6a21aa52b4ab5b6e"
Strict-Transport-Security: max-age=31536000
X-Content-Type-Options: nosniff
X-Frame-Options: deny
X-XSS-Protection: 1; mode=block
X-GitHub-Request-Id: 2618:24E7D2:39D812:413D17:65B4BC56
Accept-Ranges: bytes
Date: Sat, 27 Jan 2024 08:18:30 GMT
Via: 1.1 varnish
X-Served-By: cache-bom4742-BOM
X-Cache: MISS
X-Cache-Hits: 0
X-Timer: S1706343510.383806,VS0,VE350
Vary: Authorization,Accept-Encoding,Origin
Access-Control-Allow-Origin: *
Cross-Origin-Resource-Policy: cross-origin
X-Fastly-Request-ID: 6129e1af28ada4f022843d2ae762fc9f264db014
Expires: Sat, 27 Jan 2024 08:23:30 GMT
Source-Age: 0

]
[2024-01-27 13:48:22,647: INFO: main: >>>>>> stage Data Ingestion stage completed <<<<<<

x==========x]
